#! /c/iverilog/bin/vvp
:ivl_version "12.0 (devel)" "(s20150603-965-g55e06db6)";
:ivl_delay_selection "TYPICAL";
:vpi_time_precision + 0;
:vpi_module "D:\iverilog\lib\ivl\system.vpi";
:vpi_module "D:\iverilog\lib\ivl\vhdl_sys.vpi";
:vpi_module "D:\iverilog\lib\ivl\vhdl_textio.vpi";
:vpi_module "D:\iverilog\lib\ivl\v2005_math.vpi";
:vpi_module "D:\iverilog\lib\ivl\va_math.vpi";
S_000000000088e1a0 .scope module, "add_card" "add_card" 2 4;
 .timescale 0 0;
P_0000000000bd5520 .param/l "N" 0 2 4, +C4<00000000000000000000000000000111>;
v0000000000bb3140 .array "card_no", 7 0, 9 0;
v000000000088bca0_0 .var/i "cardnum", 31 0;
v0000000000bb2f00_0 .var "f", 0 0;
v0000000000bf0b80_0 .var/i "file", 31 0;
v0000000000bf0700 .array "inp", 1 0, 10 0;
v0000000000889c60_0 .var/i "k", 31 0;
v0000000000889d00_0 .var/i "pfile", 31 0;
v000000000088e4c0_0 .var/i "pin", 31 0;
v000000000088e560_0 .var/i "ppfile", 31 0;
S_000000000088e330 .scope module, "authenticat" "authenticat" 3 2;
 .timescale 0 0;
P_0000000000bd56a0 .param/l "N" 0 3 2, +C4<00000000000000000000000000000111>;
v0000000000be3a20 .array "card_no", 7 0, 9 0;
v0000000000be3ac0_0 .var/i "file", 31 0;
v0000000000be3b60_0 .var/i "flag", 31 0;
v0000000000be3c00 .array "inp", 2 0, 10 0;
v0000000000be3ca0_0 .var/i "k", 31 0;
v0000000000be3d40 .array "password", 7 0, 10 0;
    .scope S_000000000088e1a0;
T_0 ;
    %pushi/vec4 0, 0, 1;
    %store/vec4 v0000000000bb2f00_0, 0, 1;
    %end;
    .thread T_0;
    .scope S_000000000088e1a0;
T_1 ;
    %vpi_call 2 16 "$readmemb", "./input.txt", v0000000000bf0700 {0 0 0};
    %pushi/vec4 0, 0, 32;
    %store/vec4 v0000000000889c60_0, 0, 32;
T_1.0 ;
    %load/vec4 v0000000000889c60_0;
    %cmpi/s 7, 0, 32;
    %flag_or 5, 4;
    %jmp/0xz T_1.1, 5;
    %ix/load 4, 0, 0;
    %flag_set/imm 4, 0;
    %load/vec4a v0000000000bf0700, 4;
    %ix/getv/s 4, v0000000000889c60_0;
    %load/vec4a v0000000000bb3140, 4;
    %pad/u 11;
    %cmp/e;
    %jmp/0xz  T_1.2, 4;
    %pushi/vec4 1, 0, 1;
    %store/vec4 v0000000000bb2f00_0, 0, 1;
T_1.2 ;
    %load/vec4 v0000000000889c60_0;
    %addi 1, 0, 32;
    %store/vec4 v0000000000889c60_0, 0, 32;
    %jmp T_1.0;
T_1.1 ;
    %load/vec4 v0000000000bb2f00_0;
    %pad/u 32;
    %cmpi/e 1, 0, 32;
    %jmp/0xz  T_1.4, 4;
    %vpi_call 2 30 "$display", "card exists!" {0 0 0};
    %jmp T_1.5;
T_1.4 ;
    %vpi_call 2 34 "$readmemb", "./input.txt", v0000000000bf0700 {0 0 0};
    %ix/load 4, 0, 0;
    %flag_set/imm 4, 0;
    %load/vec4a v0000000000bf0700, 4;
    %pad/u 32;
    %store/vec4 v000000000088bca0_0, 0, 32;
    %ix/load 4, 1, 0;
    %flag_set/imm 4, 0;
    %load/vec4a v0000000000bf0700, 4;
    %pad/u 32;
    %store/vec4 v000000000088e4c0_0, 0, 32;
    %vpi_call 2 37 "$display", v000000000088bca0_0, v000000000088e4c0_0 {0 0 0};
    %vpi_func 2 38 "$fopen" 32, "cardNo.txt", "a" {0 0 0};
    %store/vec4 v0000000000bf0b80_0, 0, 32;
    %vpi_call 2 39 "$fwrite", v0000000000bf0b80_0, " %0b", v000000000088bca0_0 {0 0 0};
    %vpi_call 2 40 "$fclose", v0000000000bf0b80_0 {0 0 0};
    %vpi_func 2 41 "$fopen" 32, "password.txt", "a" {0 0 0};
    %store/vec4 v0000000000889d00_0, 0, 32;
    %vpi_call 2 42 "$fwrite", v0000000000889d00_0, " %0b", v000000000088e4c0_0 {0 0 0};
    %vpi_call 2 43 "$fclose", v0000000000889d00_0 {0 0 0};
    %vpi_func 2 44 "$fopen" 32, "balance.txt", "a" {0 0 0};
    %store/vec4 v000000000088e560_0, 0, 32;
    %vpi_call 2 45 "$fwrite", v000000000088e560_0, "%0b", 32'sb00000000000000000000000111110100 {0 0 0};
    %vpi_call 2 47 "$display", "Card added!" {0 0 0};
T_1.5 ;
    %end;
    .thread T_1;
    .scope S_000000000088e330;
T_2 ;
    %delay 5, 0;
    %vpi_call 3 11 "$readmemb", "password.txt", v0000000000be3d40 {0 0 0};
    %vpi_call 3 12 "$readmemb", "cardNo.txt", v0000000000be3a20 {0 0 0};
    %vpi_call 3 13 "$readmemb", "input.txt", v0000000000be3c00 {0 0 0};
    %pushi/vec4 0, 0, 32;
    %cassign/vec4 v0000000000be3b60_0;
    %pushi/vec4 0, 0, 32;
    %store/vec4 v0000000000be3ca0_0, 0, 32;
T_2.0 ;
    %load/vec4 v0000000000be3ca0_0;
    %cmpi/s 7, 0, 32;
    %flag_or 5, 4;
    %jmp/0xz T_2.1, 5;
    %ix/getv/s 4, v0000000000be3ca0_0;
    %load/vec4a v0000000000be3a20, 4;
    %pad/u 11;
    %ix/load 4, 0, 0;
    %flag_set/imm 4, 0;
    %load/vec4a v0000000000be3c00, 4;
    %cmp/e;
    %flag_get/vec4 4;
    %ix/getv/s 4, v0000000000be3ca0_0;
    %load/vec4a v0000000000be3d40, 4;
    %ix/load 4, 1, 0;
    %flag_set/imm 4, 0;
    %load/vec4a v0000000000be3c00, 4;
    %cmp/e;
    %flag_get/vec4 4;
    %and;
    %flag_set/vec4 8;
    %jmp/0xz  T_2.2, 8;
    %pushi/vec4 1, 0, 32;
    %cassign/vec4 v0000000000be3b60_0;
T_2.2 ;
    %load/vec4 v0000000000be3ca0_0;
    %addi 1, 0, 32;
    %store/vec4 v0000000000be3ca0_0, 0, 32;
    %jmp T_2.0;
T_2.1 ;
    %vpi_func 3 23 "$fopen" 32, "./flag.txt", "w" {0 0 0};
    %store/vec4 v0000000000be3ac0_0, 0, 32;
    %vpi_call 3 24 "$fwrite", v0000000000be3ac0_0, "%0b ", 32'sb00000000000000000000000000000000 {0 0 0};
    %vpi_call 3 25 "$fwrite", v0000000000be3ac0_0, "%0b", v0000000000be3b60_0 {0 0 0};
    %vpi_call 3 26 "$fclose", v0000000000be3ac0_0 {0 0 0};
    %end;
    .thread T_2;
# The file index is used to find the file name in the following table.
:file_names 4;
    "N/A";
    "<interactive>";
    "add_card.v";
    "./auth.v";
