#! /c/iverilog/bin/vvp
:ivl_version "12.0 (devel)" "(s20150603-965-g55e06db6)";
:ivl_delay_selection "TYPICAL";
:vpi_time_precision + 0;
:vpi_module "D:\iverilog\lib\ivl\system.vpi";
:vpi_module "D:\iverilog\lib\ivl\vhdl_sys.vpi";
:vpi_module "D:\iverilog\lib\ivl\vhdl_textio.vpi";
:vpi_module "D:\iverilog\lib\ivl\v2005_math.vpi";
:vpi_module "D:\iverilog\lib\ivl\va_math.vpi";
S_000000000108c840 .scope module, "ATM" "ATM" 2 73;
 .timescale 0 0;
    .port_info 0 /INPUT 1 "clock";
    .port_info 1 /INPUT 10 "credit_number";
    .port_info 2 /INPUT 10 "destination";
    .port_info 3 /INPUT 10 "withdraw";
    .port_info 4 /INPUT 11 "expiration_date";
    .port_info 5 /INPUT 10 "password";
    .port_info 6 /INPUT 10 "new_password";
    .port_info 7 /INPUT 3 "operation";
    .port_info 8 /INPUT 1 "exit";
    .port_info 9 /OUTPUT 1 "card_declined";
v00000000010e7580 .array "balance_bank", 15 0, 9 0;
v00000000010e7300_0 .var "card_declined", 0 0;
o0000000001092cf8 .functor BUFZ 1, C4<z>; HiZ drive
v00000000010e7f80_0 .net "clock", 0 0, o0000000001092cf8;  0 drivers
o0000000001092b18 .functor BUFZ 10, C4<zzzzzzzzzz>; HiZ drive
v00000000010e71c0_0 .net "credit_number", 9 0, o0000000001092b18;  0 drivers
v00000000010e7760_0 .var "current_state", 2 0;
v00000000010e73a0 .array "deposit_amount", 15 0, 9 0;
o0000000001092938 .functor BUFZ 10, C4<zzzzzzzzzz>; HiZ drive
v00000000010e74e0_0 .net "destination", 9 0, o0000000001092938;  0 drivers
v00000000010e78a0_0 .net "destination_exists", 0 0, v000000000108d910_0;  1 drivers
v00000000010e7440_0 .net "destination_index", 3 0, L_0000000001085c80;  1 drivers
o0000000001092d58 .functor BUFZ 1, C4<z>; HiZ drive
v00000000010e7620_0 .net "exit", 0 0, o0000000001092d58;  0 drivers
o0000000001092968 .functor BUFZ 11, C4<zzzzzzzzzzz>; HiZ drive
v00000000010e7260_0 .net "expiration_date", 10 0, o0000000001092968;  0 drivers
v00000000010e7b20_0 .var/i "i", 31 0;
o0000000001092db8 .functor BUFZ 10, C4<zzzzzzzzzz>; HiZ drive
v00000000010e7940_0 .net "new_password", 9 0, o0000000001092db8;  0 drivers
o0000000001092de8 .functor BUFZ 3, C4<zzz>; HiZ drive
v00000000010e76c0_0 .net "operation", 2 0, o0000000001092de8;  0 drivers
v00000000010e7e40 .array "passcode", 15 0, 9 0;
o0000000001092e18 .functor BUFZ 10, C4<zzzzzzzzzz>; HiZ drive
v00000000010e7a80_0 .net "password", 9 0, o0000000001092e18;  0 drivers
v00000000010e7080_0 .net "source_exists", 0 0, v0000000001032a80_0;  1 drivers
v00000000010e79e0_0 .net "source_index", 3 0, L_0000000001085890;  1 drivers
o0000000001092e48 .functor BUFZ 10, C4<zzzzzzzzzz>; HiZ drive
v00000000010e7120_0 .net "withdraw", 9 0, o0000000001092e48;  0 drivers
v00000000010e7800 .array "wrong_tries", 15 0, 1 0;
E_00000000010690b0/0 .event edge, v00000000010e7620_0;
E_00000000010690b0/1 .event negedge, v00000000010e7f80_0;
E_00000000010690b0 .event/or E_00000000010690b0/0, E_00000000010690b0/1;
S_0000000001062820 .scope module, "does_destination_account_exist" "exists" 2 120, 2 29 0, S_000000000108c840;
 .timescale 0 0;
    .port_info 0 /INPUT 10 "credit_number";
    .port_info 1 /INPUT 11 "expiration_date";
    .port_info 2 /OUTPUT 4 "index";
    .port_info 3 /OUTPUT 1 "function_result";
L_0000000001085c80 .functor BUFZ 4, v0000000001067e40_0, C4<0000>, C4<0000>, C4<0000>;
v000000000108d730_0 .net "credit_number", 9 0, o0000000001092938;  alias, 0 drivers
v000000000108d7d0 .array "credit_number_bank", 15 0, 9 0;
v000000000108d870_0 .net "expiration_date", 10 0, o0000000001092968;  alias, 0 drivers
v000000000108d910_0 .var "function_result", 0 0;
v000000000108d9b0_0 .var/i "i", 31 0;
v0000000001067da0_0 .net "index", 3 0, L_0000000001085c80;  alias, 1 drivers
v0000000001067e40_0 .var "index_temp", 3 0;
E_0000000001068f30 .event edge, v000000000108d730_0;
S_0000000001067ee0 .scope module, "does_source_account_exist" "exists" 2 117, 2 29 0, S_000000000108c840;
 .timescale 0 0;
    .port_info 0 /INPUT 10 "credit_number";
    .port_info 1 /INPUT 11 "expiration_date";
    .port_info 2 /OUTPUT 4 "index";
    .port_info 3 /OUTPUT 1 "function_result";
L_0000000001085890 .functor BUFZ 4, v00000000010e7da0_0, C4<0000>, C4<0000>, C4<0000>;
v0000000001068070_0 .net "credit_number", 9 0, o0000000001092b18;  alias, 0 drivers
v0000000001068110 .array "credit_number_bank", 15 0, 9 0;
v00000000010681b0_0 .net "expiration_date", 10 0, o0000000001092968;  alias, 0 drivers
v0000000001032a80_0 .var "function_result", 0 0;
v0000000001032b20_0 .var/i "i", 31 0;
v00000000010e7c60_0 .net "index", 3 0, L_0000000001085890;  alias, 1 drivers
v00000000010e7da0_0 .var "index_temp", 3 0;
E_0000000001068d70 .event edge, v0000000001068070_0;
    .scope S_0000000001067ee0;
T_0 ;
    %pushi/vec4 100, 0, 10;
    %ix/load 4, 0, 0;
    %flag_set/imm 4, 0;
    %store/vec4a v0000000001068110, 4, 0;
    %pushi/vec4 200, 0, 10;
    %ix/load 4, 1, 0;
    %flag_set/imm 4, 0;
    %store/vec4a v0000000001068110, 4, 0;
    %pushi/vec4 300, 0, 10;
    %ix/load 4, 2, 0;
    %flag_set/imm 4, 0;
    %store/vec4a v0000000001068110, 4, 0;
    %pushi/vec4 400, 0, 10;
    %ix/load 4, 3, 0;
    %flag_set/imm 4, 0;
    %store/vec4a v0000000001068110, 4, 0;
    %pushi/vec4 500, 0, 10;
    %ix/load 4, 4, 0;
    %flag_set/imm 4, 0;
    %store/vec4a v0000000001068110, 4, 0;
    %pushi/vec4 600, 0, 10;
    %ix/load 4, 5, 0;
    %flag_set/imm 4, 0;
    %store/vec4a v0000000001068110, 4, 0;
    %pushi/vec4 700, 0, 10;
    %ix/load 4, 6, 0;
    %flag_set/imm 4, 0;
    %store/vec4a v0000000001068110, 4, 0;
    %pushi/vec4 800, 0, 10;
    %ix/load 4, 7, 0;
    %flag_set/imm 4, 0;
    %store/vec4a v0000000001068110, 4, 0;
    %pushi/vec4 900, 0, 10;
    %ix/load 4, 8, 0;
    %flag_set/imm 4, 0;
    %store/vec4a v0000000001068110, 4, 0;
    %pushi/vec4 1000, 0, 10;
    %ix/load 4, 9, 0;
    %flag_set/imm 4, 0;
    %store/vec4a v0000000001068110, 4, 0;
    %pushi/vec4 1003, 0, 10;
    %ix/load 4, 10, 0;
    %flag_set/imm 4, 0;
    %store/vec4a v0000000001068110, 4, 0;
    %pushi/vec4 1006, 0, 10;
    %ix/load 4, 11, 0;
    %flag_set/imm 4, 0;
    %store/vec4a v0000000001068110, 4, 0;
    %pushi/vec4 1009, 0, 10;
    %ix/load 4, 12, 0;
    %flag_set/imm 4, 0;
    %store/vec4a v0000000001068110, 4, 0;
    %pushi/vec4 1012, 0, 10;
    %ix/load 4, 13, 0;
    %flag_set/imm 4, 0;
    %store/vec4a v0000000001068110, 4, 0;
    %pushi/vec4 1015, 0, 10;
    %ix/load 4, 14, 0;
    %flag_set/imm 4, 0;
    %store/vec4a v0000000001068110, 4, 0;
    %pushi/vec4 1018, 0, 10;
    %ix/load 4, 15, 0;
    %flag_set/imm 4, 0;
    %store/vec4a v0000000001068110, 4, 0;
    %end;
    .thread T_0;
    .scope S_0000000001067ee0;
T_1 ;
    %wait E_0000000001068d70;
    %pushi/vec4 0, 0, 1;
    %store/vec4 v0000000001032a80_0, 0, 1;
    %pushi/vec4 0, 0, 32;
    %store/vec4 v0000000001032b20_0, 0, 32;
T_1.0 ;
    %load/vec4 v0000000001032b20_0;
    %cmpi/s 16, 0, 32;
    %jmp/0xz T_1.1, 5;
    %load/vec4 v0000000001068070_0;
    %ix/getv/s 4, v0000000001032b20_0;
    %load/vec4a v0000000001068110, 4;
    %cmp/e;
    %jmp/0xz  T_1.2, 4;
    %load/vec4 v0000000001032b20_0;
    %pad/s 4;
    %store/vec4 v00000000010e7da0_0, 0, 4;
    %pushi/vec4 1, 0, 1;
    %store/vec4 v0000000001032a80_0, 0, 1;
T_1.2 ;
    %load/vec4 v0000000001032b20_0;
    %addi 1, 0, 32;
    %store/vec4 v0000000001032b20_0, 0, 32;
    %jmp T_1.0;
T_1.1 ;
    %jmp T_1;
    .thread T_1, $push;
    .scope S_0000000001062820;
T_2 ;
    %pushi/vec4 100, 0, 10;
    %ix/load 4, 0, 0;
    %flag_set/imm 4, 0;
    %store/vec4a v000000000108d7d0, 4, 0;
    %pushi/vec4 200, 0, 10;
    %ix/load 4, 1, 0;
    %flag_set/imm 4, 0;
    %store/vec4a v000000000108d7d0, 4, 0;
    %pushi/vec4 300, 0, 10;
    %ix/load 4, 2, 0;
    %flag_set/imm 4, 0;
    %store/vec4a v000000000108d7d0, 4, 0;
    %pushi/vec4 400, 0, 10;
    %ix/load 4, 3, 0;
    %flag_set/imm 4, 0;
    %store/vec4a v000000000108d7d0, 4, 0;
    %pushi/vec4 500, 0, 10;
    %ix/load 4, 4, 0;
    %flag_set/imm 4, 0;
    %store/vec4a v000000000108d7d0, 4, 0;
    %pushi/vec4 600, 0, 10;
    %ix/load 4, 5, 0;
    %flag_set/imm 4, 0;
    %store/vec4a v000000000108d7d0, 4, 0;
    %pushi/vec4 700, 0, 10;
    %ix/load 4, 6, 0;
    %flag_set/imm 4, 0;
    %store/vec4a v000000000108d7d0, 4, 0;
    %pushi/vec4 800, 0, 10;
    %ix/load 4, 7, 0;
    %flag_set/imm 4, 0;
    %store/vec4a v000000000108d7d0, 4, 0;
    %pushi/vec4 900, 0, 10;
    %ix/load 4, 8, 0;
    %flag_set/imm 4, 0;
    %store/vec4a v000000000108d7d0, 4, 0;
    %pushi/vec4 1000, 0, 10;
    %ix/load 4, 9, 0;
    %flag_set/imm 4, 0;
    %store/vec4a v000000000108d7d0, 4, 0;
    %pushi/vec4 1003, 0, 10;
    %ix/load 4, 10, 0;
    %flag_set/imm 4, 0;
    %store/vec4a v000000000108d7d0, 4, 0;
    %pushi/vec4 1006, 0, 10;
    %ix/load 4, 11, 0;
    %flag_set/imm 4, 0;
    %store/vec4a v000000000108d7d0, 4, 0;
    %pushi/vec4 1009, 0, 10;
    %ix/load 4, 12, 0;
    %flag_set/imm 4, 0;
    %store/vec4a v000000000108d7d0, 4, 0;
    %pushi/vec4 1012, 0, 10;
    %ix/load 4, 13, 0;
    %flag_set/imm 4, 0;
    %store/vec4a v000000000108d7d0, 4, 0;
    %pushi/vec4 1015, 0, 10;
    %ix/load 4, 14, 0;
    %flag_set/imm 4, 0;
    %store/vec4a v000000000108d7d0, 4, 0;
    %pushi/vec4 1018, 0, 10;
    %ix/load 4, 15, 0;
    %flag_set/imm 4, 0;
    %store/vec4a v000000000108d7d0, 4, 0;
    %end;
    .thread T_2;
    .scope S_0000000001062820;
T_3 ;
    %wait E_0000000001068f30;
    %pushi/vec4 0, 0, 1;
    %store/vec4 v000000000108d910_0, 0, 1;
    %pushi/vec4 0, 0, 32;
    %store/vec4 v000000000108d9b0_0, 0, 32;
T_3.0 ;
    %load/vec4 v000000000108d9b0_0;
    %cmpi/s 16, 0, 32;
    %jmp/0xz T_3.1, 5;
    %load/vec4 v000000000108d730_0;
    %ix/getv/s 4, v000000000108d9b0_0;
    %load/vec4a v000000000108d7d0, 4;
    %cmp/e;
    %jmp/0xz  T_3.2, 4;
    %load/vec4 v000000000108d9b0_0;
    %pad/s 4;
    %store/vec4 v0000000001067e40_0, 0, 4;
    %pushi/vec4 1, 0, 1;
    %store/vec4 v000000000108d910_0, 0, 1;
T_3.2 ;
    %load/vec4 v000000000108d9b0_0;
    %addi 1, 0, 32;
    %store/vec4 v000000000108d9b0_0, 0, 32;
    %jmp T_3.0;
T_3.1 ;
    %jmp T_3;
    .thread T_3, $push;
    .scope S_000000000108c840;
T_4 ;
    %pushi/vec4 7, 0, 3;
    %store/vec4 v00000000010e7760_0, 0, 3;
    %end;
    .thread T_4;
    .scope S_000000000108c840;
T_5 ;
    %pushi/vec4 0, 0, 32;
    %store/vec4 v00000000010e7b20_0, 0, 32;
T_5.0 ;
    %load/vec4 v00000000010e7b20_0;
    %cmpi/s 16, 0, 32;
    %jmp/0xz T_5.1, 5;
    %pushi/vec4 100, 0, 10;
    %ix/getv/s 4, v00000000010e7b20_0;
    %store/vec4a v00000000010e7580, 4, 0;
    %pushi/vec4 0, 0, 10;
    %ix/getv/s 4, v00000000010e7b20_0;
    %store/vec4a v00000000010e73a0, 4, 0;
    %pushi/vec4 0, 0, 2;
    %ix/getv/s 4, v00000000010e7b20_0;
    %store/vec4a v00000000010e7800, 4, 0;
    %load/vec4 v00000000010e7b20_0;
    %addi 1, 0, 32;
    %store/vec4 v00000000010e7b20_0, 0, 32;
    %jmp T_5.0;
T_5.1 ;
    %pushi/vec4 100, 0, 10;
    %ix/load 4, 0, 0;
    %flag_set/imm 4, 0;
    %store/vec4a v00000000010e7e40, 4, 0;
    %pushi/vec4 200, 0, 10;
    %ix/load 4, 1, 0;
    %flag_set/imm 4, 0;
    %store/vec4a v00000000010e7e40, 4, 0;
    %pushi/vec4 300, 0, 10;
    %ix/load 4, 2, 0;
    %flag_set/imm 4, 0;
    %store/vec4a v00000000010e7e40, 4, 0;
    %pushi/vec4 400, 0, 10;
    %ix/load 4, 3, 0;
    %flag_set/imm 4, 0;
    %store/vec4a v00000000010e7e40, 4, 0;
    %pushi/vec4 500, 0, 10;
    %ix/load 4, 4, 0;
    %flag_set/imm 4, 0;
    %store/vec4a v00000000010e7e40, 4, 0;
    %pushi/vec4 600, 0, 10;
    %ix/load 4, 5, 0;
    %flag_set/imm 4, 0;
    %store/vec4a v00000000010e7e40, 4, 0;
    %pushi/vec4 700, 0, 10;
    %ix/load 4, 6, 0;
    %flag_set/imm 4, 0;
    %store/vec4a v00000000010e7e40, 4, 0;
    %pushi/vec4 800, 0, 10;
    %ix/load 4, 7, 0;
    %flag_set/imm 4, 0;
    %store/vec4a v00000000010e7e40, 4, 0;
    %pushi/vec4 900, 0, 10;
    %ix/load 4, 8, 0;
    %flag_set/imm 4, 0;
    %store/vec4a v00000000010e7e40, 4, 0;
    %pushi/vec4 1000, 0, 10;
    %ix/load 4, 9, 0;
    %flag_set/imm 4, 0;
    %store/vec4a v00000000010e7e40, 4, 0;
    %pushi/vec4 1003, 0, 10;
    %ix/load 4, 10, 0;
    %flag_set/imm 4, 0;
    %store/vec4a v00000000010e7e40, 4, 0;
    %pushi/vec4 1006, 0, 10;
    %ix/load 4, 11, 0;
    %flag_set/imm 4, 0;
    %store/vec4a v00000000010e7e40, 4, 0;
    %pushi/vec4 1009, 0, 10;
    %ix/load 4, 12, 0;
    %flag_set/imm 4, 0;
    %store/vec4a v00000000010e7e40, 4, 0;
    %pushi/vec4 1012, 0, 10;
    %ix/load 4, 13, 0;
    %flag_set/imm 4, 0;
    %store/vec4a v00000000010e7e40, 4, 0;
    %pushi/vec4 1015, 0, 10;
    %ix/load 4, 14, 0;
    %flag_set/imm 4, 0;
    %store/vec4a v00000000010e7e40, 4, 0;
    %pushi/vec4 1018, 0, 10;
    %ix/load 4, 15, 0;
    %flag_set/imm 4, 0;
    %store/vec4a v00000000010e7e40, 4, 0;
    %end;
    .thread T_5;
    .scope S_000000000108c840;
T_6 ;
    %wait E_00000000010690b0;
    %pushi/vec4 0, 0, 1;
    %store/vec4 v00000000010e7300_0, 0, 1;
    %load/vec4 v00000000010e7620_0;
    %pushi/vec4 1, 0, 1;
    %cmp/e;
    %flag_get/vec4 4;
    %load/vec4 v00000000010e7080_0;
    %pad/u 32;
    %pushi/vec4 0, 0, 32;
    %cmp/e;
    %flag_get/vec4 4;
    %or;
    %load/vec4 v00000000010e78a0_0;
    %pad/u 32;
    %pushi/vec4 0, 0, 32;
    %cmp/e;
    %flag_get/vec4 4;
    %or;
    %load/vec4 v00000000010e7a80_0;
    %load/vec4 v00000000010e79e0_0;
    %pad/u 6;
    %ix/vec4 4;
    %load/vec4a v00000000010e7e40, 4;
    %cmp/ne;
    %flag_get/vec4 4;
    %or;
    %load/vec4 v00000000010e7260_0;
    %cmpi/u 2022, 0, 11;
    %flag_get/vec4 4;
    %flag_get/vec4 5;
    %or;
    %or;
    %load/vec4 v00000000010e79e0_0;
    %pad/u 6;
    %ix/vec4 4;
    %load/vec4a v00000000010e7800, 4;
    %pushi/vec4 3, 0, 2;
    %cmp/e;
    %flag_get/vec4 4;
    %load/vec4 v00000000010e76c0_0;
    %pushi/vec4 6, 0, 3;
    %cmp/ne;
    %flag_get/vec4 4;
    %and;
    %or;
    %flag_set/vec4 8;
    %jmp/0xz  T_6.0, 8;
    %pushi/vec4 7, 0, 3;
    %store/vec4 v00000000010e7760_0, 0, 3;
T_6.0 ;
    %load/vec4 v00000000010e7760_0;
    %cmpi/e 7, 0, 3;
    %jmp/0xz  T_6.2, 4;
    %load/vec4 v00000000010e7620_0;
    %cmpi/e 1, 0, 1;
    %jmp/0xz  T_6.4, 4;
    %vpi_call 2 134 "$display", "Exited!\012" {0 0 0};
    %jmp T_6.5;
T_6.4 ;
    %load/vec4 v00000000010e7a80_0;
    %load/vec4 v00000000010e79e0_0;
    %pad/u 6;
    %ix/vec4 4;
    %load/vec4a v00000000010e7e40, 4;
    %cmp/ne;
    %jmp/0xz  T_6.6, 4;
    %vpi_call 2 137 "$display", "Wrong password!\012" {0 0 0};
    %load/vec4 v00000000010e79e0_0;
    %pad/u 6;
    %ix/vec4 4;
    %load/vec4a v00000000010e7800, 4;
    %cmpi/ne 3, 0, 2;
    %jmp/0xz  T_6.8, 4;
    %load/vec4 v00000000010e79e0_0;
    %pad/u 6;
    %ix/vec4 4;
    %load/vec4a v00000000010e7800, 4;
    %addi 1, 0, 2;
    %load/vec4 v00000000010e79e0_0;
    %pad/u 6;
    %ix/vec4 4;
    %store/vec4a v00000000010e7800, 4, 0;
T_6.8 ;
    %jmp T_6.7;
T_6.6 ;
    %load/vec4 v00000000010e7260_0;
    %cmpi/u 2022, 0, 11;
    %flag_or 5, 4;
    %jmp/0xz  T_6.10, 5;
    %vpi_call 2 143 "$display", "Expired card!\012" {0 0 0};
    %jmp T_6.11;
T_6.10 ;
    %load/vec4 v00000000010e79e0_0;
    %pad/u 6;
    %ix/vec4 4;
    %load/vec4a v00000000010e7800, 4;
    %pushi/vec4 3, 0, 2;
    %cmp/e;
    %flag_get/vec4 4;
    %load/vec4 v00000000010e76c0_0;
    %pushi/vec4 6, 0, 3;
    %cmp/ne;
    %flag_get/vec4 4;
    %and;
    %flag_set/vec4 8;
    %jmp/0xz  T_6.12, 8;
    %vpi_call 2 146 "$display", "3 Wrong password, Your account is banned!\012" {0 0 0};
    %jmp T_6.13;
T_6.12 ;
    %vpi_call 2 149 "$display", "Authenticating..." {0 0 0};
    %load/vec4 v00000000010e7080_0;
    %pad/u 32;
    %cmpi/e 1, 0, 32;
    %jmp/0xz  T_6.14, 4;
    %pushi/vec4 0, 0, 3;
    %store/vec4 v00000000010e7760_0, 0, 3;
    %jmp T_6.15;
T_6.14 ;
    %vpi_call 2 154 "$display", "Authentication failed\012" {0 0 0};
T_6.15 ;
T_6.13 ;
T_6.11 ;
T_6.7 ;
T_6.5 ;
T_6.2 ;
    %load/vec4 v00000000010e7760_0;
    %cmpi/e 0, 0, 3;
    %jmp/0xz  T_6.16, 4;
    %vpi_call 2 161 "$display", "Waiting for operation..." {0 0 0};
    %load/vec4 v00000000010e76c0_0;
    %store/vec4 v00000000010e7760_0, 0, 3;
T_6.16 ;
    %load/vec4 v00000000010e7760_0;
    %cmpi/e 1, 0, 3;
    %jmp/0xz  T_6.18, 4;
    %load/vec4 v00000000010e79e0_0;
    %pad/u 6;
    %ix/vec4 4;
    %load/vec4a v00000000010e7580, 4;
    %vpi_call 2 167 "$display", "balance: %d\012", S<0,vec4,u10> {1 0 0};
    %pushi/vec4 0, 0, 3;
    %store/vec4 v00000000010e7760_0, 0, 3;
T_6.18 ;
    %load/vec4 v00000000010e7760_0;
    %cmpi/e 2, 0, 3;
    %jmp/0xz  T_6.20, 4;
    %load/vec4 v00000000010e7120_0;
    %load/vec4 v00000000010e79e0_0;
    %pad/u 6;
    %ix/vec4 4;
    %load/vec4a v00000000010e7580, 4;
    %cmp/u;
    %flag_or 5, 4;
    %jmp/0xz  T_6.22, 5;
    %load/vec4 v00000000010e79e0_0;
    %pad/u 6;
    %ix/vec4 4;
    %load/vec4a v00000000010e7580, 4;
    %load/vec4 v00000000010e7120_0;
    %sub;
    %load/vec4 v00000000010e79e0_0;
    %pad/u 6;
    %ix/vec4 4;
    %store/vec4a v00000000010e7580, 4, 0;
    %vpi_call 2 175 "$display", "withdrawn!" {0 0 0};
    %load/vec4 v00000000010e79e0_0;
    %pad/u 6;
    %ix/vec4 4;
    %load/vec4a v00000000010e7580, 4;
    %vpi_call 2 176 "$display", "new balance: %d\012", S<0,vec4,u10> {1 0 0};
    %jmp T_6.23;
T_6.22 ;
    %vpi_call 2 179 "$display", "Insuffucient balance!\012" {0 0 0};
    %pushi/vec4 1, 0, 1;
    %store/vec4 v00000000010e7300_0, 0, 1;
T_6.23 ;
    %pushi/vec4 0, 0, 3;
    %store/vec4 v00000000010e7760_0, 0, 3;
T_6.20 ;
    %load/vec4 v00000000010e7760_0;
    %pushi/vec4 3, 0, 3;
    %cmp/e;
    %flag_get/vec4 4;
    %load/vec4 v00000000010e78a0_0;
    %pad/u 32;
    %pushi/vec4 1, 0, 32;
    %cmp/e;
    %flag_get/vec4 4;
    %and;
    %flag_set/vec4 8;
    %jmp/0xz  T_6.24, 8;
    %load/vec4 v00000000010e7120_0;
    %load/vec4 v00000000010e79e0_0;
    %pad/u 6;
    %ix/vec4 4;
    %load/vec4a v00000000010e7580, 4;
    %cmp/u;
    %flag_get/vec4 4;
    %flag_get/vec4 5;
    %or;
    %load/vec4 v00000000010e7120_0;
    %pad/u 32;
    %load/vec4 v00000000010e7440_0;
    %pad/u 6;
    %ix/vec4 4;
    %load/vec4a v00000000010e7580, 4;
    %pad/u 32;
    %add;
    %cmpi/u 1024, 0, 32;
    %flag_get/vec4 5;
    %and;
    %flag_set/vec4 8;
    %jmp/0xz  T_6.26, 8;
    %load/vec4 v00000000010e79e0_0;
    %pad/u 6;
    %ix/vec4 4;
    %load/vec4a v00000000010e7580, 4;
    %load/vec4 v00000000010e7120_0;
    %sub;
    %load/vec4 v00000000010e79e0_0;
    %pad/u 6;
    %ix/vec4 4;
    %store/vec4a v00000000010e7580, 4, 0;
    %load/vec4 v00000000010e7440_0;
    %pad/u 6;
    %ix/vec4 4;
    %load/vec4a v00000000010e7580, 4;
    %load/vec4 v00000000010e7120_0;
    %add;
    %load/vec4 v00000000010e7440_0;
    %pad/u 6;
    %ix/vec4 4;
    %store/vec4a v00000000010e7580, 4, 0;
    %load/vec4 v00000000010e7440_0;
    %pad/u 6;
    %ix/vec4 4;
    %load/vec4a v00000000010e73a0, 4;
    %load/vec4 v00000000010e7120_0;
    %add;
    %load/vec4 v00000000010e7440_0;
    %pad/u 6;
    %ix/vec4 4;
    %store/vec4a v00000000010e73a0, 4, 0;
    %vpi_call 2 191 "$display", "send!" {0 0 0};
    %load/vec4 v00000000010e79e0_0;
    %pad/u 6;
    %ix/vec4 4;
    %load/vec4a v00000000010e7580, 4;
    %vpi_call 2 192 "$display", "new balance: %d\012", S<0,vec4,u10> {1 0 0};
    %jmp T_6.27;
T_6.26 ;
    %vpi_call 2 195 "$display", "Insufficient balance or reached the limit!\012" {0 0 0};
    %pushi/vec4 1, 0, 1;
    %store/vec4 v00000000010e7300_0, 0, 1;
T_6.27 ;
    %pushi/vec4 0, 0, 3;
    %store/vec4 v00000000010e7760_0, 0, 3;
    %jmp T_6.25;
T_6.24 ;
    %load/vec4 v00000000010e7760_0;
    %cmpi/e 3, 0, 3;
    %jmp/0xz  T_6.28, 4;
    %vpi_call 2 202 "$display", "Failed! enter the destination card.\012" {0 0 0};
    %pushi/vec4 7, 0, 3;
    %store/vec4 v00000000010e7760_0, 0, 3;
T_6.28 ;
T_6.25 ;
    %load/vec4 v00000000010e7760_0;
    %cmpi/e 4, 0, 3;
    %jmp/0xz  T_6.30, 4;
    %load/vec4 v00000000010e79e0_0;
    %pad/u 6;
    %ix/vec4 4;
    %load/vec4a v00000000010e73a0, 4;
    %pushi/vec4 100, 0, 10;
    %load/vec4 v00000000010e79e0_0;
    %pad/u 6;
    %ix/vec4 4;
    %load/vec4a v00000000010e73a0, 4;
    %add;
    %load/vec4 v00000000010e79e0_0;
    %pad/u 6;
    %ix/vec4 4;
    %load/vec4a v00000000010e7580, 4;
    %sub;
    %vpi_call 2 209 "$display", "Account report ==> deposited: +%d | withdrawed: -%d\012", S<1,vec4,u10>, S<0,vec4,u10> {2 0 0};
    %pushi/vec4 0, 0, 3;
    %store/vec4 v00000000010e7760_0, 0, 3;
T_6.30 ;
    %load/vec4 v00000000010e7760_0;
    %cmpi/e 5, 0, 3;
    %jmp/0xz  T_6.32, 4;
    %load/vec4 v00000000010e7940_0;
    %load/vec4 v00000000010e79e0_0;
    %pad/u 6;
    %ix/vec4 4;
    %store/vec4a v00000000010e7e40, 4, 0;
    %vpi_call 2 216 "$display", "Changed your password!\012" {0 0 0};
    %pushi/vec4 0, 0, 3;
    %store/vec4 v00000000010e7760_0, 0, 3;
T_6.32 ;
    %load/vec4 v00000000010e7760_0;
    %cmpi/e 6, 0, 3;
    %jmp/0xz  T_6.34, 4;
    %load/vec4 v00000000010e79e0_0;
    %pad/u 6;
    %ix/vec4 4;
    %load/vec4a v00000000010e7580, 4;
    %cmpi/u 100, 0, 10;
    %flag_inv 5; GE is !LT
    %jmp/0xz  T_6.36, 5;
    %vpi_call 2 223 "$display", "Withdrawing unban service cost ($100)..." {0 0 0};
    %load/vec4 v00000000010e79e0_0;
    %pad/u 6;
    %ix/vec4 4;
    %load/vec4a v00000000010e7580, 4;
    %subi 100, 0, 10;
    %load/vec4 v00000000010e79e0_0;
    %pad/u 6;
    %ix/vec4 4;
    %store/vec4a v00000000010e7580, 4, 0;
    %vpi_call 2 225 "$display", "Unbanning your account...!\012" {0 0 0};
    %pushi/vec4 0, 0, 2;
    %load/vec4 v00000000010e79e0_0;
    %pad/u 6;
    %ix/vec4 4;
    %store/vec4a v00000000010e7800, 4, 0;
    %jmp T_6.37;
T_6.36 ;
    %vpi_call 2 229 "$display", "You don't have the minimum money needed for unban service!" {0 0 0};
T_6.37 ;
    %pushi/vec4 0, 0, 3;
    %store/vec4 v00000000010e7760_0, 0, 3;
T_6.34 ;
    %jmp T_6;
    .thread T_6;
# The file index is used to find the file name in the following table.
:file_names 3;
    "N/A";
    "<interactive>";
    "ATM.v";
