#! /c/iverilog/bin/vvp
:ivl_version "12.0 (devel)" "(s20150603-965-g55e06db6)";
:ivl_delay_selection "TYPICAL";
:vpi_time_precision + 0;
:vpi_module "D:\iverilog\lib\ivl\system.vpi";
:vpi_module "D:\iverilog\lib\ivl\vhdl_sys.vpi";
:vpi_module "D:\iverilog\lib\ivl\vhdl_textio.vpi";
:vpi_module "D:\iverilog\lib\ivl\v2005_math.vpi";
:vpi_module "D:\iverilog\lib\ivl\va_math.vpi";
S_0000000000cb65c0 .scope module, "withdraw" "withdraw" 2 2;
 .timescale 0 0;
P_0000000000c79cb0 .param/l "N" 0 2 2, +C4<00000000000000000000000000000110>;
v0000000000c93100 .array "balance", 6 0, 10 0;
v0000000000c7b600 .array "card_no", 6 0, 9 0;
v0000000000c7b0c0 .array "fd", 2 0, 10 0;
v0000000000c7bc20_0 .var/i "file", 31 0;
v0000000000c7bcc0_0 .var "flag", 0 0;
v0000000000c92ec0_0 .var/i "k", 31 0;
v0000000000c7b7f0 .array "password", 6 0, 10 0;
    .scope S_0000000000cb65c0;
T_0 ;
    %pushi/vec4 0, 0, 1;
    %store/vec4 v0000000000c7bcc0_0, 0, 1;
    %end;
    .thread T_0;
    .scope S_0000000000cb65c0;
T_1 ;
    %vpi_call 2 15 "$readmemb", "input.txt", v0000000000c7b0c0 {0 0 0};
    %vpi_call 2 16 "$readmemb", "balance.txt", v0000000000c93100 {0 0 0};
    %vpi_call 2 17 "$readmemb", "password.txt", v0000000000c7b7f0 {0 0 0};
    %vpi_call 2 18 "$readmemb", "cardNo.txt", v0000000000c7b600 {0 0 0};
    %vpi_func 2 20 "$fopen" 32, "password.txt", "w" {0 0 0};
    %store/vec4 v0000000000c7bc20_0, 0, 32;
    %pushi/vec4 0, 0, 32;
    %store/vec4 v0000000000c92ec0_0, 0, 32;
T_1.0 ;
    %load/vec4 v0000000000c92ec0_0;
    %cmpi/s 6, 0, 32;
    %flag_or 5, 4;
    %jmp/0xz T_1.1, 5;
    %ix/load 4, 0, 0;
    %flag_set/imm 4, 0;
    %load/vec4a v0000000000c7b0c0, 4;
    %ix/getv/s 4, v0000000000c92ec0_0;
    %load/vec4a v0000000000c7b600, 4;
    %pad/u 11;
    %cmp/e;
    %flag_get/vec4 4;
    %ix/load 4, 1, 0;
    %flag_set/imm 4, 0;
    %load/vec4a v0000000000c7b0c0, 4;
    %ix/getv/s 4, v0000000000c92ec0_0;
    %load/vec4a v0000000000c7b7f0, 4;
    %cmp/e;
    %flag_get/vec4 4;
    %and;
    %flag_set/vec4 8;
    %jmp/0xz  T_1.2, 8;
    %pushi/vec4 1, 0, 1;
    %store/vec4 v0000000000c7bcc0_0, 0, 1;
    %ix/load 4, 2, 0;
    %flag_set/imm 4, 0;
    %load/vec4a v0000000000c7b0c0, 4;
    %ix/getv/s 4, v0000000000c92ec0_0;
    %store/vec4a v0000000000c7b7f0, 4, 0;
T_1.2 ;
    %vpi_call 2 27 "$fwrite", v0000000000c7bc20_0, "%0b ", &A<v0000000000c7b7f0, v0000000000c92ec0_0 > {0 0 0};
    %load/vec4 v0000000000c92ec0_0;
    %addi 1, 0, 32;
    %store/vec4 v0000000000c92ec0_0, 0, 32;
    %jmp T_1.0;
T_1.1 ;
    %load/vec4 v0000000000c7bcc0_0;
    %pad/u 32;
    %cmpi/e 1, 0, 32;
    %jmp/0xz  T_1.4, 4;
    %vpi_call 2 33 "$display", "Pin changed successfully" {0 0 0};
    %jmp T_1.5;
T_1.4 ;
    %vpi_call 2 37 "$display", "wrong cardNo/password" {0 0 0};
T_1.5 ;
    %end;
    .thread T_1;
# The file index is used to find the file name in the following table.
:file_names 3;
    "N/A";
    "<interactive>";
    "changePin.v";
