#! /c/iverilog/bin/vvp
:ivl_version "12.0 (devel)" "(s20150603-965-g55e06db6)";
:ivl_delay_selection "TYPICAL";
:vpi_time_precision + 0;
:vpi_module "D:\iverilog\lib\ivl\system.vpi";
:vpi_module "D:\iverilog\lib\ivl\vhdl_sys.vpi";
:vpi_module "D:\iverilog\lib\ivl\vhdl_textio.vpi";
:vpi_module "D:\iverilog\lib\ivl\v2005_math.vpi";
:vpi_module "D:\iverilog\lib\ivl\va_math.vpi";
S_0000000000cf2b90 .scope module, "si" "si" 2 2;
 .timescale 0 0;
v0000000000cf33e0_0 .var/i "fd", 31 0;
v0000000000cf2d20_0 .var "s", 0 0;
    .scope S_0000000000cf2b90;
T_0 ;
    %vpi_call 2 7 "$readmemb", "size.txt", v0000000000cf33e0_0 {0 0 0};
    %load/vec4 v0000000000cf33e0_0;
    %parti/s 1, 1, 2;
    %store/vec4 v0000000000cf2d20_0, 0, 1;
    %end;
    .thread T_0;
# The file index is used to find the file name in the following table.
:file_names 3;
    "N/A";
    "<interactive>";
    "number_of_users.v";
