#! /c/iverilog/bin/vvp
:ivl_version "12.0 (devel)" "(s20150603-965-g55e06db6)";
:ivl_delay_selection "TYPICAL";
:vpi_time_precision + 0;
:vpi_module "D:\iverilog\lib\ivl\system.vpi";
:vpi_module "D:\iverilog\lib\ivl\vhdl_sys.vpi";
:vpi_module "D:\iverilog\lib\ivl\vhdl_textio.vpi";
:vpi_module "D:\iverilog\lib\ivl\v2005_math.vpi";
:vpi_module "D:\iverilog\lib\ivl\va_math.vpi";
S_0000000000a1bb40 .scope module, "withdraw" "withdraw" 2 2;
 .timescale 0 0;
P_00000000008b4ae0 .param/l "N" 0 2 2, +C4<00000000000000000000000000000110>;
v0000000000893100 .array "balance", 6 0, 10 0;
v0000000000a1bcd0 .array "card_no", 6 0, 9 0;
v0000000000a18e40 .array "fd", 2 0, 10 0;
v0000000000a1ade0_0 .var/i "file", 31 0;
v0000000000892ec0_0 .var/i "index", 31 0;
v0000000000a1ae80_0 .var/i "k", 31 0;
v0000000000a1af20 .array "password", 6 0, 10 0;
    .scope S_0000000000a1bb40;
T_0 ;
    %vpi_call 2 17 "$readmemb", "input.txt", v0000000000a18e40 {0 0 0};
    %vpi_call 2 18 "$readmemb", "balance.txt", v0000000000893100 {0 0 0};
    %vpi_call 2 19 "$readmemb", "password.txt", v0000000000a1af20 {0 0 0};
    %vpi_call 2 20 "$readmemb", "cardNo.txt", v0000000000a1bcd0 {0 0 0};
    %vpi_func 2 21 "$fopen" 32, "balance.txt", "w" {0 0 0};
    %store/vec4 v0000000000a1ade0_0, 0, 32;
    %pushi/vec4 4294967295, 0, 32;
    %store/vec4 v0000000000892ec0_0, 0, 32;
    %pushi/vec4 0, 0, 32;
    %store/vec4 v0000000000a1ae80_0, 0, 32;
T_0.0 ;
    %load/vec4 v0000000000a1ae80_0;
    %cmpi/s 6, 0, 32;
    %flag_or 5, 4;
    %jmp/0xz T_0.1, 5;
    %ix/load 4, 0, 0;
    %flag_set/imm 4, 0;
    %load/vec4a v0000000000a18e40, 4;
    %ix/getv/s 4, v0000000000a1ae80_0;
    %load/vec4a v0000000000a1bcd0, 4;
    %pad/u 11;
    %cmp/e;
    %flag_get/vec4 4;
    %ix/load 4, 1, 0;
    %flag_set/imm 4, 0;
    %load/vec4a v0000000000a18e40, 4;
    %ix/getv/s 4, v0000000000a1ae80_0;
    %load/vec4a v0000000000a1af20, 4;
    %cmp/e;
    %flag_get/vec4 4;
    %and;
    %flag_set/vec4 8;
    %jmp/0xz  T_0.2, 8;
    %load/vec4 v0000000000a1ae80_0;
    %store/vec4 v0000000000892ec0_0, 0, 32;
T_0.2 ;
    %load/vec4 v0000000000a1ae80_0;
    %addi 1, 0, 32;
    %store/vec4 v0000000000a1ae80_0, 0, 32;
    %jmp T_0.0;
T_0.1 ;
    %load/vec4 v0000000000892ec0_0;
    %cmpi/e 4294967295, 0, 32;
    %jmp/0xz  T_0.4, 4;
    %vpi_call 2 29 "$display", "Card Number or Password is incorrect" {0 0 0};
T_0.4 ;
    %pushi/vec4 0, 0, 32;
    %store/vec4 v0000000000a1ae80_0, 0, 32;
T_0.6 ;
    %load/vec4 v0000000000a1ae80_0;
    %cmpi/s 6, 0, 32;
    %flag_or 5, 4;
    %jmp/0xz T_0.7, 5;
    %load/vec4 v0000000000a1ae80_0;
    %load/vec4 v0000000000892ec0_0;
    %cmp/e;
    %flag_get/vec4 4;
    %ix/load 4, 2, 0;
    %flag_set/imm 4, 0;
    %load/vec4a v0000000000a18e40, 4;
    %ix/getv/s 4, v0000000000a1ae80_0;
    %load/vec4a v0000000000893100, 4;
    %cmp/u;
    %flag_get/vec4 4;
    %flag_get/vec4 5;
    %or;
    %and;
    %flag_set/vec4 8;
    %jmp/0xz  T_0.8, 8;
    %vpi_call 2 34 "$display", "Current balance:%d", &A<v0000000000893100, v0000000000a1ae80_0 > {0 0 0};
    %ix/getv/s 4, v0000000000a1ae80_0;
    %load/vec4a v0000000000893100, 4;
    %ix/load 4, 2, 0;
    %flag_set/imm 4, 0;
    %load/vec4a v0000000000a18e40, 4;
    %sub;
    %ix/getv/s 4, v0000000000a1ae80_0;
    %store/vec4a v0000000000893100, 4, 0;
    %vpi_call 2 36 "$display", "withdraw complete ..." {0 0 0};
    %vpi_call 2 37 "$display", "Balance :%d", &A<v0000000000893100, v0000000000a1ae80_0 > {0 0 0};
    %jmp T_0.9;
T_0.8 ;
    %load/vec4 v0000000000a1ae80_0;
    %load/vec4 v0000000000892ec0_0;
    %cmp/e;
    %flag_get/vec4 4;
    %ix/getv/s 4, v0000000000a1ae80_0;
    %load/vec4a v0000000000893100, 4;
    %ix/load 4, 2, 0;
    %flag_set/imm 4, 0;
    %load/vec4a v0000000000a18e40, 4;
    %cmp/u;
    %flag_get/vec4 5;
    %and;
    %flag_set/vec4 8;
    %jmp/0xz  T_0.10, 8;
    %vpi_call 2 42 "$display", "No enough balance" {0 0 0};
T_0.10 ;
T_0.9 ;
    %vpi_call 2 45 "$fwrite", v0000000000a1ade0_0, "%0b ", &A<v0000000000893100, v0000000000a1ae80_0 > {0 0 0};
    %load/vec4 v0000000000a1ae80_0;
    %addi 1, 0, 32;
    %store/vec4 v0000000000a1ae80_0, 0, 32;
    %jmp T_0.6;
T_0.7 ;
    %end;
    .thread T_0;
# The file index is used to find the file name in the following table.
:file_names 3;
    "N/A";
    "<interactive>";
    "withdraw.v";
